<?xml version="1.0" encoding="UTF-8"?>
<testng-results ignored="0" total="1" passed="1" failed="0" skipped="0">
  <reporter-output>
  </reporter-output>
  <suite started-at="2022-11-10T12:06:14 IST" name="Suite" finished-at="2022-11-10T12:06:51 IST" duration-ms="36668">
    <groups>
    </groups>
    <test started-at="2022-11-10T12:06:14 IST" name="Test" finished-at="2022-11-10T12:06:51 IST" duration-ms="36668">
      <class name="testpackage.firstprogram">
        <test-method signature="testcase001()[pri:0, instance:testpackage.firstprogram@42e99e4a]" started-at="2022-11-10T12:06:14 IST" name="testcase001" finished-at="2022-11-10T12:06:51 IST" duration-ms="36485" status="PASS">
          <reporter-output>
          </reporter-output>
        </test-method> <!-- testcase001 -->
      </class> <!-- testpackage.firstprogram -->
    </test> <!-- Test -->
  </suite> <!-- Suite -->
</testng-results>
